%!Adobe-FontList 1.22
%Locale:0x404

%BeginFont
Handler:DirectoryHandler
FontType:TrueType
FontName:onryou
FamilyName:onryou
StyleName:Regular
FullName:onryou
MenuName:onryou
StyleBits:0
FamilyNameNative:怨霊
StyleNameNative:Regular
FullNameNative:怨霊
WritingScript:Japanese
OutlineFileName:C:\Users\devil\OneDrive\桌面\2021-專題\Font\onryou\onryou.TTF
DataFormat:sfntData
hasSVG:no
VariableFontType:NonVariableFont
FileLength:13945872
FileModTime:1272199676
WeightClass:400
WidthClass:5
AngleClass:0
NameArray:0,Mac,4,onryou
NameArray:0,Win,1,onryou
NameArray:1,Win,1,怨霊
%EndFont

%BeginFont
Handler:DirectoryHandler
FontType:Invalid
OutlineFileName:C:\Users\devil\OneDrive\桌面\2021-專題\Font\onryou\readme-onryou2.txt
FileModTime:1272199834
%EndFont

